<?xml version="1.0" encoding="UTF-8"?>
<testsuite xmlns:xsi="http://www.w3.org/2001/XMLSchema-instance" xsi:noNamespaceSchemaLocation="https://maven.apache.org/surefire/maven-surefire-plugin/xsd/surefire-test-report-3.0.xsd" version="3.0" name="com.testes.TestFibonacci" time="0.051" tests="4" errors="0" skipped="0" failures="0">
  <properties>
[...]
</properties>
  <testcase name="testFibonacciOne" classname="com.testes.TestFibonacci" time="0.026"/>
  <testcase name="testFibonacciFive" classname="com.testes.TestFibonacci" time="0.001"/>
  <testcase name="testFibonacciZero" classname="com.testes.TestFibonacci" time="0.001"/>
  <testcase name="testFibonacciNegativeThrows" classname="com.testes.TestFibonacci" time="0.002"/>
</testsuite>